  Main.cpp
d:\files_stepa\gdrive\work\ls_search\ls_search\minisat\core\solvertypes.h(97): warning C4800: int: принудительно задано логическое значение "true" или "false" (предупреждение о производительности)
d:\files_stepa\gdrive\work\ls_search\ls_search\minisat\core\solvertypes.h(130): warning C4200: нестандартное расширение: массив нулевого размера в структуре (объединении)
  d:\files_stepa\gdrive\work\ls_search\ls_search\minisat\core\solvertypes.h(130): note: Невозможно создать конструктор копии или оператор присвоения копии, когда UDT содержит массив нулевого размера
d:\files_stepa\gdrive\work\ls_search\ls_search\minisat\core\solver.h(343): warning C4244: +=: преобразование "double" в "float", возможна потеря данных
d:\files_stepa\gdrive\work\ls_search\ls_search\minisat\core\solver.h(346): warning C4305: *=: усечение из "double" к "float"
d:\files_stepa\gdrive\work\ls_search\ls_search\main.cpp(99): warning C4554: <<: проверьте порядок применения операторов на наличие ошибки; для четкого задания порядка используйте скобки
d:\files_stepa\gdrive\work\ls_search\ls_search\main.cpp(102): warning C4554: <<: проверьте порядок применения операторов на наличие ошибки; для четкого задания порядка используйте скобки
d:\files_stepa\gdrive\work\ls_search\ls_search\main.cpp(103): warning C4554: <<: проверьте порядок применения операторов на наличие ошибки; для четкого задания порядка используйте скобки
d:\files_stepa\gdrive\work\ls_search\ls_search\main.cpp(129): warning C4554: <<: проверьте порядок применения операторов на наличие ошибки; для четкого задания порядка используйте скобки
d:\files_stepa\gdrive\work\ls_search\ls_search\main.cpp(194): warning C4267: =: преобразование из "size_t" в "int"; возможна потеря данных
d:\files_stepa\gdrive\work\ls_search\ls_search\main.cpp(196): warning C4267: =: преобразование из "size_t" в "int"; возможна потеря данных
d:\files_stepa\gdrive\work\ls_search\ls_search\main.cpp(198): warning C4267: =: преобразование из "size_t" в "int"; возможна потеря данных
d:\files_stepa\gdrive\work\ls_search\ls_search\main.cpp(200): warning C4267: =: преобразование из "size_t" в "int"; возможна потеря данных
d:\files_stepa\gdrive\work\ls_search\ls_search\main.cpp(202): warning C4267: =: преобразование из "size_t" в "int"; возможна потеря данных
d:\files_stepa\gdrive\work\ls_search\ls_search\main.cpp(204): warning C4267: =: преобразование из "size_t" в "int"; возможна потеря данных
d:\files_stepa\gdrive\work\ls_search\ls_search\main.cpp(206): warning C4267: =: преобразование из "size_t" в "int"; возможна потеря данных
d:\files_stepa\gdrive\work\ls_search\ls_search\main.cpp(208): warning C4267: =: преобразование из "size_t" в "int"; возможна потеря данных
d:\files_stepa\gdrive\work\ls_search\ls_search\main.cpp(210): warning C4267: =: преобразование из "size_t" в "int"; возможна потеря данных
d:\files_stepa\gdrive\work\ls_search\ls_search\main.cpp(212): warning C4267: =: преобразование из "size_t" в "int"; возможна потеря данных
d:\files_stepa\gdrive\work\ls_search\ls_search\main.cpp(612): warning C4267: инициализация: преобразование из "size_t" в "int"; возможна потеря данных
d:\files_stepa\gdrive\work\ls_search\ls_search\main.cpp(1017): warning C4267: инициализация: преобразование из "size_t" в "int"; возможна потеря данных
d:\files_stepa\gdrive\work\ls_search\ls_search\main.cpp(1079): warning C4267: инициализация: преобразование из "size_t" в "int"; возможна потеря данных
d:\files_stepa\gdrive\work\ls_search\ls_search\main.cpp(1204): warning C4267: инициализация: преобразование из "size_t" в "int"; возможна потеря данных
d:\files_stepa\gdrive\work\ls_search\ls_search\main.cpp(1265): warning C4267: инициализация: преобразование из "size_t" в "int"; возможна потеря данных
d:\files_stepa\gdrive\work\ls_search\ls_search\main.cpp(1318): warning C4267: инициализация: преобразование из "size_t" в "int"; возможна потеря данных
d:\files_stepa\gdrive\work\ls_search\ls_search\main.cpp(1351): warning C4267: инициализация: преобразование из "size_t" в "int"; возможна потеря данных
d:\files_stepa\gdrive\work\ls_search\ls_search\main.cpp(1435): warning C4267: инициализация: преобразование из "size_t" в "int"; возможна потеря данных
d:\files_stepa\gdrive\work\ls_search\ls_search\main.cpp(1953): warning C4267: аргумент: преобразование из "size_t" в "int"; возможна потеря данных
d:\files_stepa\gdrive\work\ls_search\ls_search\main.cpp(2196): warning C4267: инициализация: преобразование из "size_t" в "int"; возможна потеря данных
d:\files_stepa\gdrive\work\ls_search\ls_search\main.cpp(2278): warning C4267: =: преобразование из "size_t" в "int"; возможна потеря данных
d:\files_stepa\gdrive\work\ls_search\ls_search\main.cpp(2282): warning C4267: аргумент: преобразование из "size_t" в "int"; возможна потеря данных
d:\files_stepa\gdrive\work\ls_search\ls_search\main.cpp(2286): warning C4267: инициализация: преобразование из "size_t" в "int"; возможна потеря данных
d:\files_stepa\gdrive\work\ls_search\ls_search\main.cpp(2402): warning C4267: инициализация: преобразование из "size_t" в "int"; возможна потеря данных
d:\files_stepa\gdrive\work\ls_search\ls_search\main.cpp(3214): warning C4267: инициализация: преобразование из "size_t" в "int"; возможна потеря данных
d:\files_stepa\gdrive\work\ls_search\ls_search\main.cpp(3242): warning C4267: инициализация: преобразование из "size_t" в "int"; возможна потеря данных
d:\files_stepa\gdrive\work\ls_search\ls_search\main.cpp(3344): warning C4267: инициализация: преобразование из "size_t" в "int"; возможна потеря данных
d:\files_stepa\gdrive\work\ls_search\ls_search\main.cpp(3574): warning C4244: return: преобразование "unsigned __int64" в "int", возможна потеря данных
d:\files_stepa\gdrive\work\ls_search\ls_search\main.cpp(3597): warning C4267: инициализация: преобразование из "size_t" в "int"; возможна потеря данных
d:\files_stepa\gdrive\work\ls_search\ls_search\main.cpp(3704): warning C4267: инициализация: преобразование из "size_t" в "int"; возможна потеря данных
d:\files_stepa\gdrive\work\ls_search\ls_search\main.cpp(3732): warning C4267: инициализация: преобразование из "size_t" в "int"; возможна потеря данных
d:\files_stepa\gdrive\work\ls_search\ls_search\main.cpp(3762): warning C4267: аргумент: преобразование из "size_t" в "unsigned int"; возможна потеря данных
d:\files_stepa\gdrive\work\ls_search\ls_search\main.cpp(3815): warning C4267: аргумент: преобразование из "size_t" в "unsigned int"; возможна потеря данных
d:\files_stepa\gdrive\work\ls_search\ls_search\main.cpp(3840): warning C4267: аргумент: преобразование из "size_t" в "unsigned int"; возможна потеря данных
d:\files_stepa\gdrive\work\ls_search\ls_search\main.cpp(3889): warning C4267: аргумент: преобразование из "size_t" в "unsigned int"; возможна потеря данных
d:\files_stepa\gdrive\work\ls_search\ls_search\main.cpp(3914): warning C4267: аргумент: преобразование из "size_t" в "unsigned int"; возможна потеря данных
d:\files_stepa\gdrive\work\ls_search\ls_search\main.cpp(3938): warning C4267: аргумент: преобразование из "size_t" в "unsigned int"; возможна потеря данных
d:\files_stepa\gdrive\work\ls_search\ls_search\main.cpp(4188): warning C4267: =: преобразование из "size_t" в "int"; возможна потеря данных
d:\files_stepa\gdrive\work\ls_search\ls_search\main.cpp(4328): warning C4267: =: преобразование из "size_t" в "int"; возможна потеря данных
d:\files_stepa\gdrive\work\ls_search\ls_search\main.cpp(4331): warning C4267: =: преобразование из "size_t" в "int"; возможна потеря данных
d:\files_stepa\gdrive\work\ls_search\ls_search\main.cpp(4333): warning C4267: =: преобразование из "size_t" в "int"; возможна потеря данных
d:\files_stepa\gdrive\work\ls_search\ls_search\main.cpp(4335): warning C4267: =: преобразование из "size_t" в "int"; возможна потеря данных
d:\files_stepa\gdrive\work\ls_search\ls_search\main.cpp(4337): warning C4267: =: преобразование из "size_t" в "int"; возможна потеря данных
d:\files_stepa\gdrive\work\ls_search\ls_search\main.cpp(4339): warning C4267: =: преобразование из "size_t" в "int"; возможна потеря данных
d:\files_stepa\gdrive\work\ls_search\ls_search\main.cpp(4341): warning C4267: =: преобразование из "size_t" в "int"; возможна потеря данных
d:\files_stepa\gdrive\work\ls_search\ls_search\main.cpp(4343): warning C4267: =: преобразование из "size_t" в "int"; возможна потеря данных
d:\files_stepa\gdrive\work\ls_search\ls_search\main.cpp(4345): warning C4267: =: преобразование из "size_t" в "int"; возможна потеря данных
d:\files_stepa\gdrive\work\ls_search\ls_search\main.cpp(4434): warning C4244: аргумент: преобразование "uint64_t" в "unsigned int", возможна потеря данных
d:\files_stepa\gdrive\work\ls_search\ls_search\main.cpp(4458): warning C4267: аргумент: преобразование из "size_t" в "unsigned int"; возможна потеря данных
d:\files_stepa\gdrive\work\ls_search\ls_search\main.cpp(4459): warning C4267: =: преобразование из "size_t" в "int"; возможна потеря данных
d:\files_stepa\gdrive\work\ls_search\ls_search\main.cpp(4474): warning C4267: =: преобразование из "size_t" в "int"; возможна потеря данных
  LS_Search.vcxproj -> D:\Files_Stepa\GDRive\Work\LS_Search\x64\Debug\LS_Search.exe
